<?xml version="1.0" encoding="UTF-8"?>
<testsuite xmlns:xsi="http://www.w3.org/2001/XMLSchema-instance" xsi:noNamespaceSchemaLocation="https://maven.apache.org/surefire/maven-surefire-plugin/xsd/surefire-test-report-3.0.xsd" version="3.0" name="com.davcet.konsulta.konsultatest.TestKonsultaSqlManager$testH2" time="0.233" tests="2" errors="0" skipped="0" failures="0">
  <properties>
    <property name="java.specification.version" value="17"/>
    <property name="sun.jnu.encoding" value="UTF-8"/>
    <property name="java.class.path" value="/home/davideceto/Projects/konsulta/konsulta/konsultatest/target/test-classes:/home/davideceto/Projects/konsulta/konsulta/konsultatest/target/classes:/home/davideceto/Projects/konsulta/konsulta/konsultasql/target/konsultasql-0.0.1-SNAPSHOT.jar:/home/davideceto/Projects/konsulta/konsulta/konsultaconn/target/konsultaconn-0.0.1-SNAPSHOT.jar:/home/davideceto/Projects/konsulta/konsulta/konsultacommon/target/konsultacommon-0.0.1-SNAPSHOT.jar:/home/davideceto/.m2/repository/com/h2database/h2/1.4.194/h2-1.4.194.jar:/home/davideceto/.m2/repository/org/junit/jupiter/junit-jupiter/5.8.2/junit-jupiter-5.8.2.jar:/home/davideceto/.m2/repository/org/junit/jupiter/junit-jupiter-api/5.8.2/junit-jupiter-api-5.8.2.jar:/home/davideceto/.m2/repository/org/opentest4j/opentest4j/1.2.0/opentest4j-1.2.0.jar:/home/davideceto/.m2/repository/org/junit/platform/junit-platform-commons/1.8.2/junit-platform-commons-1.8.2.jar:/home/davideceto/.m2/repository/org/apiguardian/apiguardian-api/1.1.2/apiguardian-api-1.1.2.jar:/home/davideceto/.m2/repository/org/junit/jupiter/junit-jupiter-params/5.8.2/junit-jupiter-params-5.8.2.jar:/home/davideceto/.m2/repository/org/junit/jupiter/junit-jupiter-engine/5.8.2/junit-jupiter-engine-5.8.2.jar:/home/davideceto/.m2/repository/org/junit/platform/junit-platform-engine/1.8.2/junit-platform-engine-1.8.2.jar:"/>
    <property name="java.vm.vendor" value="Eclipse Adoptium"/>
    <property name="sun.arch.data.model" value="64"/>
    <property name="java.vendor.url" value="https://adoptium.net/"/>
    <property name="os.name" value="Linux"/>
    <property name="java.vm.specification.version" value="17"/>
    <property name="sun.java.launcher" value="SUN_STANDARD"/>
    <property name="user.country" value="US"/>
    <property name="sun.boot.library.path" value="/opt/jdk-17.0.6+10/lib"/>
    <property name="sun.java.command" value="/home/davideceto/Projects/konsulta/konsulta/konsultatest/target/surefire/surefirebooter-20230125171034462_3.jar /home/davideceto/Projects/konsulta/konsulta/konsultatest/target/surefire 2023-01-25T17-10-34_104-jvmRun1 surefire-20230125171034462_1tmp surefire_0-20230125171034462_2tmp"/>
    <property name="jdk.debug" value="release"/>
    <property name="surefire.test.class.path" value="/home/davideceto/Projects/konsulta/konsulta/konsultatest/target/test-classes:/home/davideceto/Projects/konsulta/konsulta/konsultatest/target/classes:/home/davideceto/Projects/konsulta/konsulta/konsultasql/target/konsultasql-0.0.1-SNAPSHOT.jar:/home/davideceto/Projects/konsulta/konsulta/konsultaconn/target/konsultaconn-0.0.1-SNAPSHOT.jar:/home/davideceto/Projects/konsulta/konsulta/konsultacommon/target/konsultacommon-0.0.1-SNAPSHOT.jar:/home/davideceto/.m2/repository/com/h2database/h2/1.4.194/h2-1.4.194.jar:/home/davideceto/.m2/repository/org/junit/jupiter/junit-jupiter/5.8.2/junit-jupiter-5.8.2.jar:/home/davideceto/.m2/repository/org/junit/jupiter/junit-jupiter-api/5.8.2/junit-jupiter-api-5.8.2.jar:/home/davideceto/.m2/repository/org/opentest4j/opentest4j/1.2.0/opentest4j-1.2.0.jar:/home/davideceto/.m2/repository/org/junit/platform/junit-platform-commons/1.8.2/junit-platform-commons-1.8.2.jar:/home/davideceto/.m2/repository/org/apiguardian/apiguardian-api/1.1.2/apiguardian-api-1.1.2.jar:/home/davideceto/.m2/repository/org/junit/jupiter/junit-jupiter-params/5.8.2/junit-jupiter-params-5.8.2.jar:/home/davideceto/.m2/repository/org/junit/jupiter/junit-jupiter-engine/5.8.2/junit-jupiter-engine-5.8.2.jar:/home/davideceto/.m2/repository/org/junit/platform/junit-platform-engine/1.8.2/junit-platform-engine-1.8.2.jar:"/>
    <property name="sun.cpu.endian" value="little"/>
    <property name="user.home" value="/home/davideceto"/>
    <property name="user.language" value="en"/>
    <property name="java.specification.vendor" value="Oracle Corporation"/>
    <property name="java.version.date" value="2023-01-17"/>
    <property name="java.home" value="/opt/jdk-17.0.6+10"/>
    <property name="file.separator" value="/"/>
    <property name="basedir" value="/home/davideceto/Projects/konsulta/konsulta/konsultatest"/>
    <property name="java.vm.compressedOopsMode" value="32-bit"/>
    <property name="line.separator" value="&#10;"/>
    <property name="java.vm.specification.vendor" value="Oracle Corporation"/>
    <property name="java.specification.name" value="Java Platform API Specification"/>
    <property name="surefire.real.class.path" value="/home/davideceto/Projects/konsulta/konsulta/konsultatest/target/surefire/surefirebooter-20230125171034462_3.jar"/>
    <property name="sun.management.compiler" value="HotSpot 64-Bit Tiered Compilers"/>
    <property name="java.runtime.version" value="17.0.6+10"/>
    <property name="user.name" value="davideceto"/>
    <property name="path.separator" value=":"/>
    <property name="os.version" value="5.14.21-150400.24.38-default"/>
    <property name="java.runtime.name" value="OpenJDK Runtime Environment"/>
    <property name="file.encoding" value="UTF-8"/>
    <property name="java.vm.name" value="OpenJDK 64-Bit Server VM"/>
    <property name="java.vendor.version" value="Temurin-17.0.6+10"/>
    <property name="localRepository" value="/home/davideceto/.m2/repository"/>
    <property name="java.vendor.url.bug" value="https://github.com/adoptium/adoptium-support/issues"/>
    <property name="java.io.tmpdir" value="/tmp"/>
    <property name="java.version" value="17.0.6"/>
    <property name="user.dir" value="/home/davideceto/Projects/konsulta/konsulta/konsultatest"/>
    <property name="os.arch" value="amd64"/>
    <property name="java.vm.specification.name" value="Java Virtual Machine Specification"/>
    <property name="native.encoding" value="UTF-8"/>
    <property name="java.library.path" value="/usr/java/packages/lib:/usr/lib64:/lib64:/lib:/usr/lib"/>
    <property name="java.vm.info" value="mixed mode, sharing"/>
    <property name="java.vendor" value="Eclipse Adoptium"/>
    <property name="java.vm.version" value="17.0.6+10"/>
    <property name="sun.io.unicode.encoding" value="UnicodeLittle"/>
    <property name="java.class.version" value="61.0"/>
  </properties>
  <testcase name="closeConnection" classname="com.davcet.konsulta.konsultatest.TestKonsultaSqlManager$testH2" time="0.001"/>
  <testcase name="testCreateInsertSelectDeleteH2" classname="com.davcet.konsulta.konsultatest.TestKonsultaSqlManager$testH2" time="0.028"/>
</testsuite>